<?xml version="1.0" encoding="UTF-8"?>
<testsuite name="Test"
           tests="3"
           failures="0"
           errors="0"
           skipped="0"
           time="5.358">
  <properties />
  
  
            <testcase name="assignRole" time="0.625" classname="com.selenium.test.TestCase" />
                <testcase name="userManage" time="4.417" classname="com.selenium.test.TestCase" />
                <testcase name="loginCRM" time="0.316" classname="com.selenium.test.TestCase" />
      
</testsuite>
